{
  "RSpec": {
    "coverage": {
      "/Users/traviscrampton/Desktop/internationalDelivery/spec/features/flights/add_a_flight_spec.rb": [
        1,
        null,
        1,
        1,
        1,
        1,
        null,
        null,
        1,
        1,
        1,
        1,
        1,
        1,
        1,
        1,
        1,
        1,
        null,
        null
      ],
      "/Users/traviscrampton/Desktop/internationalDelivery/spec/rails_helper.rb": [
        null,
        1,
        1,
        null,
        1,
        1,
        1,
        1,
        1,
        1,
        null,
        null,
        null,
        null,
        null,
        null,
        null,
        null,
        null,
        null,
        null,
        null,
        null,
        null,
        null,
        null,
        null,
        null,
        null,
        1,
        null,
        1,
        null,
        1,
        null,
        null,
        null,
        null,
        1,
        null,
        null,
        null,
        null,
        null,
        null,
        null,
        null,
        null,
        null,
        null,
        null,
        null,
        null,
        1,
        1,
        1,
        1,
        1,
        null,
        null,
        null
      ],
      "/Users/traviscrampton/Desktop/internationalDelivery/config/environment.rb": [
        null,
        1,
        null,
        null,
        1
      ],
      "/Users/traviscrampton/Desktop/internationalDelivery/config/application.rb": [
        1,
        null,
        1,
        null,
        1,
        1,
        1,
        1,
        1,
        1,
        1,
        null,
        null,
        null,
        null,
        1,
        null,
        1,
        1,
        null,
        null,
        null,
        null,
        null,
        null,
        null,
        null,
        null,
        null,
        null,
        null,
        null,
        1,
        null,
        null
      ],
      "/Users/traviscrampton/Desktop/internationalDelivery/config/boot.rb": [
        1,
        null,
        1
      ],
      "/Users/traviscrampton/Desktop/internationalDelivery/config/environments/test.rb": [
        1,
        null,
        null,
        null,
        null,
        null,
        null,
        1,
        null,
        null,
        null,
        null,
        1,
        null,
        null,
        1,
        1,
        null,
        null,
        1,
        1,
        null,
        null,
        1,
        null,
        null,
        1,
        null,
        null,
        null,
        null,
        1,
        null,
        null,
        1,
        null,
        null,
        1,
        null,
        null,
        null,
        null
      ],
      "/Users/traviscrampton/Desktop/internationalDelivery/config/initializers/assets.rb": [
        null,
        null,
        null,
        1,
        null,
        null,
        null,
        null,
        null,
        null,
        null
      ],
      "/Users/traviscrampton/Desktop/internationalDelivery/config/initializers/backtrace_silencers.rb": [
        null,
        null,
        null,
        null,
        null,
        null,
        null
      ],
      "/Users/traviscrampton/Desktop/internationalDelivery/config/initializers/cookies_serializer.rb": [
        null,
        null,
        1
      ],
      "/Users/traviscrampton/Desktop/internationalDelivery/config/initializers/devise.rb": [
        null,
        null,
        1,
        null,
        null,
        null,
        null,
        null,
        null,
        null,
        null,
        null,
        null,
        null,
        1,
        null,
        null,
        null,
        null,
        null,
        null,
        null,
        null,
        1,
        null,
        null,
        null,
        null,
        null,
        null,
        null,
        null,
        null,
        null,
        null,
        null,
        null,
        null,
        null,
        null,
        null,
        null,
        null,
        null,
        null,
        1,
        null,
        null,
        null,
        null,
        1,
        null,
        null,
        null,
        null,
        null,
        null,
        null,
        null,
        null,
        null,
        null,
        null,
        null,
        null,
        null,
        null,
        null,
        null,
        null,
        null,
        null,
        null,
        null,
        null,
        null,
        null,
        null,
        null,
        null,
        null,
        1,
        null,
        null,
        null,
        null,
        null,
        null,
        null,
        null,
        null,
        null,
        null,
        null,
        null,
        null,
        null,
        null,
        1,
        null,
        null,
        null,
        null,
        null,
        null,
        null,
        null,
        null,
        null,
        null,
        null,
        null,
        null,
        null,
        null,
        null,
        null,
        null,
        null,
        null,
        null,
        null,
        null,
        1,
        null,
        null,
        null,
        null,
        null,
        null,
        null,
        null,
        null,
        1,
        null,
        null,
        null,
        null,
        null,
        null,
        null,
        null,
        null,
        null,
        1,
        null,
        null,
        null,
        null,
        null,
        null,
        null,
        null,
        null,
        null,
        null,
        null,
        null,
        null,
        null,
        null,
        null,
        null,
        null,
        null,
        null,
        null,
        null,
        null,
        null,
        null,
        null,
        null,
        null,
        null,
        null,
        null,
        null,
        null,
        null,
        null,
        null,
        null,
        null,
        null,
        null,
        null,
        null,
        null,
        null,
        1,
        null,
        null,
        null,
        null,
        null,
        null,
        null,
        null,
        null,
        null,
        null,
        null,
        null,
        null,
        null,
        null,
        null,
        null,
        null,
        1,
        null,
        null,
        null,
        null,
        null,
        null,
        null,
        null,
        null,
        null,
        null,
        null,
        null,
        null,
        null,
        null,
        null,
        null,
        null,
        null,
        null,
        1,
        null,
        null,
        null,
        null,
        null,
        null,
        null,
        null,
        null,
        null,
        null,
        null,
        null,
        null,
        null,
        null,
        null,
        null,
        null,
        null,
        null,
        null,
        null,
        null,
        null,
        null,
        null,
        null,
        null
      ],
      "/Users/traviscrampton/Desktop/internationalDelivery/config/initializers/filter_parameter_logging.rb": [
        null,
        null,
        null,
        1
      ],
      "/Users/traviscrampton/Desktop/internationalDelivery/config/initializers/inflections.rb": [
        null,
        null,
        null,
        null,
        null,
        null,
        null,
        null,
        null,
        null,
        null,
        null,
        null,
        null,
        null,
        null
      ],
      "/Users/traviscrampton/Desktop/internationalDelivery/config/initializers/mime_types.rb": [
        null,
        null,
        null,
        null
      ],
      "/Users/traviscrampton/Desktop/internationalDelivery/config/initializers/session_store.rb": [
        null,
        null,
        1
      ],
      "/Users/traviscrampton/Desktop/internationalDelivery/config/initializers/wrap_parameters.rb": [
        null,
        null,
        null,
        null,
        null,
        null,
        1,
        1,
        null,
        null,
        null,
        null,
        null,
        null
      ],
      "/Users/traviscrampton/Desktop/internationalDelivery/config/routes.rb": [
        1,
        1,
        null,
        1,
        null,
        null,
        null,
        1,
        1,
        null,
        null,
        1,
        1,
        null,
        null,
        null,
        1,
        null,
        null,
        null,
        null,
        null,
        null,
        null,
        null,
        null,
        null,
        null,
        null,
        null,
        null,
        null,
        null,
        null,
        null,
        null,
        null,
        null,
        null,
        null,
        null,
        null,
        null,
        null,
        null,
        null,
        null,
        null,
        null,
        null,
        null,
        null,
        null,
        null,
        null,
        null,
        null,
        null,
        null,
        null,
        null,
        null,
        null,
        null,
        null,
        null,
        null,
        null,
        null,
        null,
        null,
        null,
        null,
        null,
        null
      ],
      "/Users/traviscrampton/Desktop/internationalDelivery/app/models/user.rb": [
        1,
        null,
        null,
        1,
        null,
        1,
        1,
        1,
        1,
        null,
        1,
        1,
        1,
        1,
        1,
        1,
        1,
        null,
        null,
        1,
        1,
        null,
        1,
        10,
        null,
        null
      ],
      "/Users/traviscrampton/Desktop/internationalDelivery/app/controllers/application_controller.rb": [
        1,
        null,
        null,
        1,
        1,
        null,
        1,
        null,
        1,
        5,
        4,
        null,
        null
      ],
      "/Users/traviscrampton/Desktop/internationalDelivery/app/helpers/application_helper.rb": [
        1,
        null
      ],
      "/Users/traviscrampton/Desktop/internationalDelivery/app/controllers/flights_controller.rb": [
        1,
        1,
        null,
        1,
        0,
        null,
        null,
        1,
        1,
        1,
        1,
        null,
        null,
        1,
        1,
        1,
        1,
        1,
        1,
        1,
        0,
        0,
        0,
        null,
        1,
        null,
        null,
        0,
        null,
        null,
        null,
        1,
        2,
        0,
        0,
        0,
        null,
        2,
        2,
        null,
        null,
        null,
        1,
        1,
        1,
        1,
        1,
        null,
        null,
        1,
        0,
        0,
        null,
        null,
        1,
        0,
        0,
        0,
        0,
        0,
        0,
        0,
        0,
        0,
        null,
        0,
        0,
        0,
        0,
        0,
        null,
        0,
        0,
        0,
        0,
        null,
        null,
        0,
        null,
        null,
        null,
        null,
        null,
        1,
        1,
        2,
        null,
        null,
        1,
        5,
        null,
        null
      ],
      "/Users/traviscrampton/Desktop/internationalDelivery/app/controllers/home_controller.rb": [
        1,
        1,
        null,
        null
      ],
      "/Users/traviscrampton/Desktop/internationalDelivery/app/controllers/items_controller.rb": [
        null,
        null,
        null,
        null,
        null,
        null,
        null,
        null,
        null,
        null,
        null,
        null,
        null,
        null,
        null,
        null,
        null,
        null,
        null,
        null,
        null,
        null,
        null,
        null,
        null,
        null,
        null,
        null,
        null,
        null,
        null,
        null,
        null,
        null,
        null,
        null,
        null,
        null,
        null,
        null,
        null,
        null,
        null,
        null,
        null,
        null,
        null
      ],
      "/Users/traviscrampton/Desktop/internationalDelivery/app/controllers/requests_controller.rb": [
        1,
        1,
        null,
        1,
        0,
        null,
        null,
        1,
        1,
        1,
        1,
        1,
        null,
        null,
        1,
        1,
        1,
        1,
        1,
        1,
        1,
        0,
        0,
        null,
        1,
        null,
        0,
        null,
        null,
        null,
        1,
        4,
        0,
        0,
        0,
        0,
        null,
        4,
        4,
        4,
        null,
        null,
        null,
        1,
        1,
        1,
        1,
        1,
        null,
        null,
        1,
        1,
        1,
        null,
        null,
        1,
        1,
        1,
        0,
        0,
        0,
        0,
        0,
        0,
        0,
        null,
        0,
        1,
        0,
        0,
        0,
        0,
        null,
        1,
        1,
        2,
        1,
        null,
        null,
        0,
        null,
        null,
        null,
        null,
        null,
        1,
        1,
        3,
        null,
        null,
        1,
        9,
        null,
        null
      ],
      "/Users/traviscrampton/Desktop/internationalDelivery/app/controllers/users_controller.rb": [
        1,
        null,
        1,
        2,
        null,
        null,
        null,
        null
      ],
      "/Users/traviscrampton/Desktop/internationalDelivery/app/models/deal.rb": [
        1,
        null,
        1,
        1,
        null
      ],
      "/Users/traviscrampton/Desktop/internationalDelivery/app/models/flight.rb": [
        1,
        null,
        1,
        1,
        1,
        1,
        null,
        1,
        1,
        1,
        1,
        1,
        1,
        1,
        1,
        null,
        null,
        1,
        0,
        null,
        null,
        null
      ],
      "/Users/traviscrampton/Desktop/internationalDelivery/app/models/fromflight.rb": [
        1,
        null,
        1,
        1,
        1,
        null,
        1,
        null,
        null
      ],
      "/Users/traviscrampton/Desktop/internationalDelivery/app/models/fromrequest.rb": [
        1,
        null,
        1,
        null,
        1,
        1,
        1,
        null,
        null
      ],
      "/Users/traviscrampton/Desktop/internationalDelivery/app/models/item.rb": [
        1,
        1,
        1,
        null,
        1,
        1,
        null,
        1,
        null,
        null
      ],
      "/Users/traviscrampton/Desktop/internationalDelivery/app/models/request.rb": [
        1,
        1,
        1,
        1,
        1,
        1,
        1,
        null,
        null,
        null,
        1,
        1,
        1,
        1,
        1,
        1,
        1,
        1,
        1,
        null,
        1,
        4,
        null,
        1,
        4,
        null,
        null,
        null,
        null,
        null
      ],
      "/Users/traviscrampton/Desktop/internationalDelivery/app/models/toflight.rb": [
        1,
        null,
        1,
        1,
        1,
        null,
        1,
        null,
        null
      ],
      "/Users/traviscrampton/Desktop/internationalDelivery/app/models/torequest.rb": [
        1,
        null,
        1,
        null,
        1,
        1,
        1,
        null,
        null
      ],
      "/Users/traviscrampton/Desktop/internationalDelivery/spec/factories.rb": [
        1,
        1,
        1,
        1,
        1,
        1,
        1,
        1,
        1,
        1,
        1,
        null,
        1,
        1,
        1,
        1,
        1,
        1,
        1,
        1,
        1,
        1,
        null,
        null,
        null,
        1,
        1,
        1,
        1,
        1,
        1,
        1,
        1,
        1,
        2,
        2,
        2,
        null,
        null,
        null,
        1,
        1,
        1,
        1,
        2,
        null,
        null,
        null,
        1,
        1,
        1,
        1,
        1,
        2,
        null,
        null,
        1,
        1,
        1,
        1,
        1,
        2,
        null,
        null,
        null,
        1,
        1,
        1,
        1,
        1,
        1,
        1,
        1,
        1,
        null,
        null,
        null,
        1,
        1,
        1,
        1,
        1,
        1,
        null,
        null,
        null,
        1,
        1,
        1,
        1,
        1,
        1,
        null,
        null,
        null,
        null
      ],
      "/Users/traviscrampton/Desktop/internationalDelivery/spec/features/flights/delete_flight_spec.rb": [
        1,
        null,
        1,
        1,
        1,
        1,
        1,
        null,
        null,
        1,
        1,
        1,
        1,
        1,
        null,
        null
      ],
      "/Users/traviscrampton/Desktop/internationalDelivery/spec/features/items/add_item_to_request_spec.rb": [
        null,
        null,
        null,
        null,
        null,
        null,
        null,
        null,
        null,
        null,
        null,
        null,
        null,
        null,
        null,
        null,
        null,
        null,
        null,
        null
      ],
      "/Users/traviscrampton/Desktop/internationalDelivery/spec/features/requests/add_a_request_spec.rb": [
        1,
        null,
        1,
        1,
        1,
        1,
        null,
        null,
        1,
        1,
        1,
        1,
        1,
        1,
        1,
        1,
        1,
        1,
        1,
        1,
        1,
        1,
        1,
        null,
        null,
        null
      ],
      "/Users/traviscrampton/Desktop/internationalDelivery/spec/features/requests/delete_a_request_spec.rb": [
        1,
        null,
        1,
        1,
        1,
        1,
        1,
        null,
        null,
        1,
        1,
        1,
        1,
        null,
        null
      ],
      "/Users/traviscrampton/Desktop/internationalDelivery/spec/features/requests/edit_a_request_spec.rb": [
        1,
        null,
        1,
        1,
        1,
        1,
        1,
        null,
        null,
        1,
        1,
        1,
        1,
        1,
        1,
        null,
        null
      ],
      "/Users/traviscrampton/Desktop/internationalDelivery/spec/features/users/add_user_spec.rb": [
        1,
        null,
        1,
        1,
        1,
        1,
        1,
        1,
        1,
        1,
        1,
        1,
        1,
        1,
        1,
        1,
        1,
        null,
        null
      ],
      "/Users/traviscrampton/Desktop/internationalDelivery/spec/features/users/log_user_in_spec.rb": [
        1,
        null,
        1,
        1,
        1,
        null,
        null,
        1,
        1,
        1,
        1,
        1,
        1,
        null,
        null
      ],
      "/Users/traviscrampton/Desktop/internationalDelivery/spec/models/deal_spec.rb": [
        1,
        null,
        1,
        1,
        2,
        2,
        null,
        null
      ],
      "/Users/traviscrampton/Desktop/internationalDelivery/spec/models/flight_spec.rb": [
        1,
        null,
        1,
        null,
        1,
        2,
        2,
        2,
        2,
        null,
        null,
        1,
        2,
        2,
        2,
        2,
        2,
        null,
        null,
        1,
        2,
        2,
        2,
        null,
        null,
        null
      ],
      "/Users/traviscrampton/Desktop/internationalDelivery/spec/models/fromflight_spec.rb": [
        1,
        null,
        1,
        null,
        1,
        2,
        null,
        null,
        1,
        2,
        null,
        null,
        null
      ],
      "/Users/traviscrampton/Desktop/internationalDelivery/spec/models/fromrequest_spec.rb": [
        1,
        null,
        1,
        null,
        1,
        2,
        null,
        null,
        1,
        2,
        null,
        null,
        null
      ],
      "/Users/traviscrampton/Desktop/internationalDelivery/spec/models/item_spec.rb": [
        1,
        null,
        1,
        null,
        1,
        2,
        2,
        null,
        1,
        2,
        null,
        null,
        null
      ],
      "/Users/traviscrampton/Desktop/internationalDelivery/spec/models/request_spec.rb": [
        1,
        null,
        1,
        1,
        2,
        2,
        2,
        2,
        2,
        2,
        null,
        null,
        1,
        2,
        2,
        2,
        2,
        2,
        2,
        null,
        null,
        1,
        2,
        2,
        2,
        null,
        null,
        null,
        null,
        null,
        null,
        2,
        null
      ],
      "/Users/traviscrampton/Desktop/internationalDelivery/spec/models/toflight_spec.rb": [
        1,
        null,
        1,
        null,
        1,
        2,
        null,
        null,
        1,
        2,
        null,
        null,
        null
      ],
      "/Users/traviscrampton/Desktop/internationalDelivery/spec/models/torequest_spec.rb": [
        1,
        null,
        1,
        null,
        1,
        2,
        null,
        null,
        1,
        2,
        null,
        null,
        null
      ],
      "/Users/traviscrampton/Desktop/internationalDelivery/spec/models/user_spec.rb": [
        1,
        null,
        1,
        null,
        1,
        2,
        2,
        2,
        2,
        2,
        2,
        2,
        null,
        null,
        1,
        2,
        2,
        null,
        null
      ]
    },
    "timestamp": 1450480185
  }
}
